<?xml version="1.0" encoding="UTF-8" standalone="no"?>
<!DOCTYPE log SYSTEM "logger.dtd">
<log>
<record>
  <date>2019-06-24T14:58:24</date>
  <millis>1561406304990</millis>
  <sequence>0</sequence>
  <level>START</level>
  <class>com.kms.katalon.core.logging.XmlKeywordLogger</class>
  <method>startSuite</method>
  <thread>1</thread>
  <message>Start Test Suite : Test Suites/T.S_Contact_WEB</message>
  <nestedLevel>0</nestedLevel>
  <property name="name">T.S_Contact_WEB</property>
  <property name="description"></property>
  <property name="id">Test Suites/T.S_Contact_WEB</property>
</record>
<record>
  <date>2019-06-24T14:58:25</date>
  <millis>1561406305014</millis>
  <sequence>1</sequence>
  <level>RUN_DATA</level>
  <class>com.kms.katalon.core.logging.XmlKeywordLogger</class>
  <method>logMessage</method>
  <thread>1</thread>
  <message>hostName = alejo - DESKTOP-BR8NIK7</message>
  <nestedLevel>0</nestedLevel>
  <property name="hostName">alejo - DESKTOP-BR8NIK7</property>
</record>
<record>
  <date>2019-06-24T14:58:25</date>
  <millis>1561406305018</millis>
  <sequence>2</sequence>
  <level>RUN_DATA</level>
  <class>com.kms.katalon.core.logging.XmlKeywordLogger</class>
  <method>logMessage</method>
  <thread>1</thread>
  <message>os = Windows 10 64bit</message>
  <nestedLevel>0</nestedLevel>
  <property name="os">Windows 10 64bit</property>
</record>
<record>
  <date>2019-06-24T14:58:25</date>
  <millis>1561406305022</millis>
  <sequence>3</sequence>
  <level>RUN_DATA</level>
  <class>com.kms.katalon.core.logging.XmlKeywordLogger</class>
  <method>logMessage</method>
  <thread>1</thread>
  <message>hostAddress = 192.168.1.18</message>
  <nestedLevel>0</nestedLevel>
  <property name="hostAddress">192.168.1.18</property>
</record>
<record>
  <date>2019-06-24T14:58:25</date>
  <millis>1561406305027</millis>
  <sequence>4</sequence>
  <level>RUN_DATA</level>
  <class>com.kms.katalon.core.logging.XmlKeywordLogger</class>
  <method>logMessage</method>
  <thread>1</thread>
  <message>katalonVersion = 6.2.0.1</message>
  <nestedLevel>0</nestedLevel>
  <property name="katalonVersion">6.2.0.1</property>
</record>
<record>
  <date>2019-06-24T14:58:25</date>
  <millis>1561406305536</millis>
  <sequence>5</sequence>
  <level>START</level>
  <class>com.kms.katalon.core.logging.XmlKeywordLogger</class>
  <method>startTest</method>
  <thread>1</thread>
  <message>Start Test Case : Test Cases/Contact/T,C_Contact_1024x768_WEB</message>
  <nestedLevel>1</nestedLevel>
  <property name="name">Test Cases/Contact/T,C_Contact_1024x768_WEB</property>
  <property name="description"></property>
  <property name="id">Test Cases/Contact/T,C_Contact_1024x768_WEB</property>
  <property name="source">E:\\Katalon projects\\KatalonVeryxWEB\\Test Cases\\Contact\\T,C_Contact_1024x768_WEB.tc</property>
  <property name="tag"></property>
  <property name="isOptional">false</property>
</record>
